#
# There is insufficient memory for the Java Runtime Environment to continue.
# Native memory allocation (mmap) failed to map 53477376 bytes for committing reserved memory.
# Possible reasons:
#   The system is out of physical RAM or swap space
#   In 32 bit mode, the process size limit was hit
# Possible solutions:
#   Reduce memory load on the system
#   Increase physical memory or swap space
#   Check if swap backing store is full
#   Use 64 bit Java on a 64 bit OS
#   Decrease Java heap size (-Xmx/-Xms)
#   Decrease number of Java threads
#   Decrease Java thread stack sizes (-Xss)
#   Set larger code cache with -XX:ReservedCodeCacheSize=
# This output file may be truncated or incomplete.
#
#  Out of Memory Error (os_linux.cpp:2643), pid=5483, tid=0x00007f36487cc700
#
# JRE version: OpenJDK Runtime Environment (8.0_171-b11) (build 1.8.0_171-8u171-b11-0ubuntu0.18.04.1-b11)
# Java VM: OpenJDK 64-Bit Server VM (25.171-b11 mixed mode linux-amd64 compressed oops)
# Failed to write core dump. Core dumps have been disabled. To enable core dumping, try "ulimit -c unlimited" before starting Java again
#

---------------  T H R E A D  ---------------

Current thread (0x00007f365c07b000):  VMThread [stack: 0x00007f36486cd000,0x00007f36487cd000] [id=5493]

Stack: [0x00007f36486cd000,0x00007f36487cd000],  sp=0x00007f36487cb480,  free space=1017k
Native frames: (J=compiled Java code, j=interpreted, Vv=VM code, C=native code)
V  [libjvm.so+0xaab382]
V  [libjvm.so+0x4d79a7]
V  [libjvm.so+0x8e66c0]
V  [libjvm.so+0x8e0c1e]
V  [libjvm.so+0x961436]
V  [libjvm.so+0x9627a8]
V  [libjvm.so+0x95eda6]
V  [libjvm.so+0x95f13c]
V  [libjvm.so+0x90d978]
V  [libjvm.so+0xaad042]
V  [libjvm.so+0xab1c26]
V  [libjvm.so+0xaafec5]
V  [libjvm.so+0xab083d]
V  [libjvm.so+0xab0c17]
V  [libjvm.so+0x8e3b12]

VM_Operation (0x00007f364257ce00): ParallelGCFailedAllocation, mode: safepoint, requested by thread 0x00007f3604003000


---------------  P R O C E S S  ---------------

Java Threads: ( => current thread )
  0x00007f3604003000 JavaThread "restartedMain" [_thread_blocked, id=5505, stack(0x00007f3642481000,0x00007f3642582000)]
  0x00007f365c847800 JavaThread "Thread-1" [_thread_blocked, id=5504, stack(0x00007f3642582000,0x00007f3642683000)]
  0x00007f365c566800 JavaThread "RMI TCP Accept-0" daemon [_thread_in_native, id=5502, stack(0x00007f3642984000,0x00007f3642a85000)]
  0x00007f365c55a800 JavaThread "RMI TCP Accept-44331" daemon [_thread_in_native, id=5501, stack(0x00007f3642a85000,0x00007f3642b86000)]
  0x00007f365c543800 JavaThread "RMI TCP Accept-0" daemon [_thread_in_native, id=5500, stack(0x00007f3642b86000,0x00007f3642c87000)]
  0x00007f365c0c2000 JavaThread "Service Thread" daemon [_thread_blocked, id=5499, stack(0x00007f36480c6000,0x00007f36481c7000)]
  0x00007f365c0bf800 JavaThread "C1 CompilerThread1" daemon [_thread_blocked, id=5498, stack(0x00007f36481c8000,0x00007f36482c8000)]
  0x00007f365c0bc800 JavaThread "C2 CompilerThread0" daemon [_thread_blocked, id=5497, stack(0x00007f36482c9000,0x00007f36483c9000)]
  0x00007f365c0bb000 JavaThread "Signal Dispatcher" daemon [_thread_blocked, id=5496, stack(0x00007f36483c9000,0x00007f36484ca000)]
  0x00007f365c087800 JavaThread "Finalizer" daemon [_thread_blocked, id=5495, stack(0x00007f36484ca000,0x00007f36485cb000)]
  0x00007f365c083000 JavaThread "Reference Handler" daemon [_thread_blocked, id=5494, stack(0x00007f36485cb000,0x00007f36486cc000)]
  0x00007f365c00f800 JavaThread "main" [_thread_blocked, id=5489, stack(0x00007f366301d000,0x00007f366311d000)]

Other Threads:
=>0x00007f365c07b000 VMThread [stack: 0x00007f36486cd000,0x00007f36487cd000] [id=5493]
  0x00007f365c56b800 WatcherThread [stack: 0x00007f3642884000,0x00007f3642984000] [id=5503]

VM state:at safepoint (normal execution)

VM Mutex/Monitor currently owned by a thread:  ([mutex/lock_event])
[0x00007f365c00c130] Threads_lock - owner thread: 0x00007f365c07b000
[0x00007f365c00c630] Heap_lock - owner thread: 0x00007f3604003000

Heap:
 PSYoungGen      total 122368K, used 8697K [0x00000000eb700000, 0x00000000f4100000, 0x0000000100000000)
  eden space 113664K, 0% used [0x00000000eb700000,0x00000000eb700000,0x00000000f2600000)
  from space 8704K, 99% used [0x00000000f3000000,0x00000000f387e688,0x00000000f3880000)
  to   space 7680K, 0% used [0x00000000f3980000,0x00000000f3980000,0x00000000f4100000)
 ParOldGen       total 30208K, used 11030K [0x00000000c2400000, 0x00000000c4180000, 0x00000000eb700000)
  object space 30208K, 36% used [0x00000000c2400000,0x00000000c2ec58d8,0x00000000c4180000)
 Metaspace       used 26100K, capacity 27168K, committed 27312K, reserved 1073152K
  class space    used 3459K, capacity 3716K, committed 3760K, reserved 1048576K

Card table byte_map: [0x00007f364c210000,0x00007f364c3ff000] byte_map_base: 0x00007f364bbfe000

Marking Bits: (ParMarkBitMap*) 0x00007f36622b0140
 Begin Bits: [0x00007f364a02d000, 0x00007f364af9d000)
 End Bits:   [0x00007f364af9d000, 0x00007f364bf0d000)

Polling page: 0x00007f3663131000

CodeCache: size=245760Kb used=5688Kb max_used=5688Kb free=240071Kb
 bounds [0x00007f364c7bf000, 0x00007f364cd4f000, 0x00007f365b7bf000]
 total_blobs=3007 nmethods=2605 adapters=315
 compilation: enabled

Compilation events (10 events):
Event: 5,975 Thread 0x00007f365c0bf800 2601       1       org.springframework.core.MethodParameter::validateIndex (26 bytes)
Event: 5,975 Thread 0x00007f365c0bf800 nmethod 2601 0x00007f364cd46610 code [0x00007f364cd467c0, 0x00007f364cd46c28]
Event: 5,975 Thread 0x00007f365c0bf800 2602       1       java.lang.invoke.LambdaForm$MH/137147595::linkToTargetMethod (9 bytes)
Event: 5,975 Thread 0x00007f365c0bf800 nmethod 2602 0x00007f364cd47090 code [0x00007f364cd47200, 0x00007f364cd47358]
Event: 5,975 Thread 0x00007f365c0bf800 2603       1       com.sun.beans.TypeResolver::erase (167 bytes)
Event: 5,976 Thread 0x00007f365c0bf800 nmethod 2603 0x00007f364cd47410 code [0x00007f364cd47680, 0x00007f364cd47f88]
Event: 5,976 Thread 0x00007f365c0bf800 2604   !   1       java.lang.reflect.Executable::sharedToGenericString (329 bytes)
Event: 5,979 Thread 0x00007f365c0bf800 nmethod 2604 0x00007f364cd48490 code [0x00007f364cd48860, 0x00007f364cd49ed8]
Event: 5,979 Thread 0x00007f365c0bf800 2605       1       java.lang.reflect.Executable::printModifiersIfNonzero (101 bytes)
Event: 5,980 Thread 0x00007f365c0bf800 nmethod 2605 0x00007f364cd4bed0 code [0x00007f364cd4c100, 0x00007f364cd4c998]

GC Heap History (10 events):
Event: 2,698 GC heap after
Heap after GC invocations=5 (full 0):
 PSYoungGen      total 34304K, used 2544K [0x00000000eb700000, 0x00000000f0000000, 0x0000000100000000)
  eden space 31744K, 0% used [0x00000000eb700000,0x00000000eb700000,0x00000000ed600000)
  from space 2560K, 99% used [0x00000000ed600000,0x00000000ed87c010,0x00000000ed880000)
  to   space 5632K, 0% used [0x00000000efa80000,0x00000000efa80000,0x00000000f0000000)
 ParOldGen       total 42496K, used 5116K [0x00000000c2400000, 0x00000000c4d80000, 0x00000000eb700000)
  object space 42496K, 12% used [0x00000000c2400000,0x00000000c28ff290,0x00000000c4d80000)
 Metaspace       used 14192K, capacity 14578K, committed 14720K, reserved 1062912K
  class space    used 1799K, capacity 1920K, committed 1920K, reserved 1048576K
}
Event: 2,962 GC heap before
{Heap before GC invocations=6 (full 0):
 PSYoungGen      total 34304K, used 34288K [0x00000000eb700000, 0x00000000f0000000, 0x0000000100000000)
  eden space 31744K, 100% used [0x00000000eb700000,0x00000000ed600000,0x00000000ed600000)
  from space 2560K, 99% used [0x00000000ed600000,0x00000000ed87c010,0x00000000ed880000)
  to   space 5632K, 0% used [0x00000000efa80000,0x00000000efa80000,0x00000000f0000000)
 ParOldGen       total 42496K, used 5116K [0x00000000c2400000, 0x00000000c4d80000, 0x00000000eb700000)
  object space 42496K, 12% used [0x00000000c2400000,0x00000000c28ff290,0x00000000c4d80000)
 Metaspace       used 16116K, capacity 16600K, committed 16640K, reserved 1062912K
  class space    used 2122K, capacity 2265K, committed 2304K, reserved 1048576K
Event: 2,969 GC heap after
Heap after GC invocations=6 (full 0):
 PSYoungGen      total 68608K, used 5186K [0x00000000eb700000, 0x00000000f0100000, 0x0000000100000000)
  eden space 62976K, 0% used [0x00000000eb700000,0x00000000eb700000,0x00000000ef480000)
  from space 5632K, 92% used [0x00000000efa80000,0x00000000eff90930,0x00000000f0000000)
  to   space 6144K, 0% used [0x00000000ef480000,0x00000000ef480000,0x00000000efa80000)
 ParOldGen       total 42496K, used 5124K [0x00000000c2400000, 0x00000000c4d80000, 0x00000000eb700000)
  object space 42496K, 12% used [0x00000000c2400000,0x00000000c2901290,0x00000000c4d80000)
 Metaspace       used 16116K, capacity 16600K, committed 16640K, reserved 1062912K
  class space    used 2122K, capacity 2265K, committed 2304K, reserved 1048576K
}
Event: 3,400 GC heap before
{Heap before GC invocations=7 (full 0):
 PSYoungGen      total 68608K, used 41834K [0x00000000eb700000, 0x00000000f0100000, 0x0000000100000000)
  eden space 62976K, 58% used [0x00000000eb700000,0x00000000edaca0c0,0x00000000ef480000)
  from space 5632K, 92% used [0x00000000efa80000,0x00000000eff90930,0x00000000f0000000)
  to   space 6144K, 0% used [0x00000000ef480000,0x00000000ef480000,0x00000000efa80000)
 ParOldGen       total 42496K, used 5124K [0x00000000c2400000, 0x00000000c4d80000, 0x00000000eb700000)
  object space 42496K, 12% used [0x00000000c2400000,0x00000000c2901290,0x00000000c4d80000)
 Metaspace       used 20659K, capacity 21234K, committed 21296K, reserved 1067008K
  class space    used 2657K, capacity 2840K, committed 2864K, reserved 1048576K
Event: 3,418 GC heap after
Heap after GC invocations=7 (full 0):
 PSYoungGen      total 69120K, used 6141K [0x00000000eb700000, 0x00000000f4100000, 0x0000000100000000)
  eden space 62976K, 0% used [0x00000000eb700000,0x00000000eb700000,0x00000000ef480000)
  from space 6144K, 99% used [0x00000000ef480000,0x00000000efa7f568,0x00000000efa80000)
  to   space 7680K, 0% used [0x00000000f3980000,0x00000000f3980000,0x00000000f4100000)
 ParOldGen       total 42496K, used 6544K [0x00000000c2400000, 0x00000000c4d80000, 0x00000000eb700000)
  object space 42496K, 15% used [0x00000000c2400000,0x00000000c2a64268,0x00000000c4d80000)
 Metaspace       used 20659K, capacity 21234K, committed 21296K, reserved 1067008K
  class space    used 2657K, capacity 2840K, committed 2864K, reserved 1048576K
}
Event: 3,418 GC heap before
{Heap before GC invocations=8 (full 1):
 PSYoungGen      total 69120K, used 6141K [0x00000000eb700000, 0x00000000f4100000, 0x0000000100000000)
  eden space 62976K, 0% used [0x00000000eb700000,0x00000000eb700000,0x00000000ef480000)
  from space 6144K, 99% used [0x00000000ef480000,0x00000000efa7f568,0x00000000efa80000)
  to   space 7680K, 0% used [0x00000000f3980000,0x00000000f3980000,0x00000000f4100000)
 ParOldGen       total 42496K, used 6544K [0x00000000c2400000, 0x00000000c4d80000, 0x00000000eb700000)
  object space 42496K, 15% used [0x00000000c2400000,0x00000000c2a64268,0x00000000c4d80000)
 Metaspace       used 20659K, capacity 21234K, committed 21296K, reserved 1067008K
  class space    used 2657K, capacity 2840K, committed 2864K, reserved 1048576K
Event: 3,465 GC heap after
Heap after GC invocations=8 (full 1):
 PSYoungGen      total 69120K, used 0K [0x00000000eb700000, 0x00000000f4100000, 0x0000000100000000)
  eden space 62976K, 0% used [0x00000000eb700000,0x00000000eb700000,0x00000000ef480000)
  from space 6144K, 0% used [0x00000000ef480000,0x00000000ef480000,0x00000000efa80000)
  to   space 7680K, 0% used [0x00000000f3980000,0x00000000f3980000,0x00000000f4100000)
 ParOldGen       total 30208K, used 8038K [0x00000000c2400000, 0x00000000c4180000, 0x00000000eb700000)
  object space 30208K, 26% used [0x00000000c2400000,0x00000000c2bd9b00,0x00000000c4180000)
 Metaspace       used 20659K, capacity 21234K, committed 21296K, reserved 1067008K
  class space    used 2657K, capacity 2840K, committed 2864K, reserved 1048576K
}
Event: 4,375 GC heap before
{Heap before GC invocations=9 (full 1):
 PSYoungGen      total 69120K, used 62976K [0x00000000eb700000, 0x00000000f4100000, 0x0000000100000000)
  eden space 62976K, 100% used [0x00000000eb700000,0x00000000ef480000,0x00000000ef480000)
  from space 6144K, 0% used [0x00000000ef480000,0x00000000ef480000,0x00000000efa80000)
  to   space 7680K, 0% used [0x00000000f3980000,0x00000000f3980000,0x00000000f4100000)
 ParOldGen       total 30208K, used 8038K [0x00000000c2400000, 0x00000000c4180000, 0x00000000eb700000)
  object space 30208K, 26% used [0x00000000c2400000,0x00000000c2bd9b00,0x00000000c4180000)
 Metaspace       used 22672K, capacity 23492K, committed 23728K, reserved 1069056K
  class space    used 2954K, capacity 3170K, committed 3248K, reserved 1048576K
Event: 4,388 GC heap after
Heap after GC invocations=9 (full 1):
 PSYoungGen      total 121344K, used 7402K [0x00000000eb700000, 0x00000000f4100000, 0x0000000100000000)
  eden space 113664K, 0% used [0x00000000eb700000,0x00000000eb700000,0x00000000f2600000)
  from space 7680K, 96% used [0x00000000f3980000,0x00000000f40ba9b0,0x00000000f4100000)
  to   space 8704K, 0% used [0x00000000f3000000,0x00000000f3000000,0x00000000f3880000)
 ParOldGen       total 30208K, used 8110K [0x00000000c2400000, 0x00000000c4180000, 0x00000000eb700000)
  object space 30208K, 26% used [0x00000000c2400000,0x00000000c2bebb10,0x00000000c4180000)
 Metaspace       used 22672K, capacity 23492K, committed 23728K, reserved 1069056K
  class space    used 2954K, capacity 3170K, committed 3248K, reserved 1048576K
}
Event: 6,000 GC heap before
{Heap before GC invocations=10 (full 1):
 PSYoungGen      total 121344K, used 121066K [0x00000000eb700000, 0x00000000f4100000, 0x0000000100000000)
  eden space 113664K, 100% used [0x00000000eb700000,0x00000000f2600000,0x00000000f2600000)
  from space 7680K, 96% used [0x00000000f3980000,0x00000000f40ba9b0,0x00000000f4100000)
  to   space 8704K, 0% used [0x00000000f3000000,0x00000000f3000000,0x00000000f3880000)
 ParOldGen       total 30208K, used 8110K [0x00000000c2400000, 0x00000000c4180000, 0x00000000eb700000)
  object space 30208K, 26% used [0x00000000c2400000,0x00000000c2bebb10,0x00000000c4180000)
 Metaspace       used 26100K, capacity 27168K, committed 27312K, reserved 1073152K
  class space    used 3459K, capacity 3716K, committed 3760K, reserved 1048576K

Deoptimization events (0 events):
No events

Classes redefined (0 events):
No events

Internal exceptions (10 events):
Event: 5,972 Thread 0x00007f3604003000 Exception <a 'java/lang/ArrayIndexOutOfBoundsException'> (0x00000000f24f90d0) thrown at [/build/openjdk-8-TuolsG/openjdk-8-8u171-b11/src/hotspot/src/share/vm/runtime/sharedRuntime.cpp, line 605]
Event: 5,974 Thread 0x00007f3604003000 Exception <a 'java/lang/ClassNotFoundException': java/lang/ObjectCustomizer> (0x00000000f2512740) thrown at [/build/openjdk-8-TuolsG/openjdk-8-8u171-b11/src/hotspot/src/share/vm/classfile/systemDictionary.cpp, line 210]
Event: 5,974 Thread 0x00007f3604003000 Exception <a 'java/lang/ClassNotFoundException': org/springframework/beans/factory/config/InstantiationAwareBeanPostProcessorAdapterCustomizer> (0x00000000f253a0b8) thrown at [/build/openjdk-8-TuolsG/openjdk-8-8u171-b11/src/hotspot/src/share/vm/classfile/
Event: 5,974 Thread 0x00007f3604003000 Exception <a 'java/lang/ClassNotFoundException': org/springframework/beans/factory/annotation/RequiredAnnotationBeanPostProcessorCustomizer> (0x00000000f2563648) thrown at [/build/openjdk-8-TuolsG/openjdk-8-8u171-b11/src/hotspot/src/share/vm/classfile/sys
Event: 5,974 Thread 0x00007f3604003000 Exception <a 'java/lang/ArrayIndexOutOfBoundsException'> (0x00000000f2565778) thrown at [/build/openjdk-8-TuolsG/openjdk-8-8u171-b11/src/hotspot/src/share/vm/runtime/sharedRuntime.cpp, line 605]
Event: 5,975 Thread 0x00007f3604003000 Exception <a 'java/lang/ArrayIndexOutOfBoundsException'> (0x00000000f25677b0) thrown at [/build/openjdk-8-TuolsG/openjdk-8-8u171-b11/src/hotspot/src/share/vm/runtime/sharedRuntime.cpp, line 605]
Event: 5,975 Thread 0x00007f3604003000 Exception <a 'java/lang/ClassNotFoundException': org/springframework/beans/factory/support/MergedBeanDefinitionPostProcessorCustomizer> (0x00000000f2593a28) thrown at [/build/openjdk-8-TuolsG/openjdk-8-8u171-b11/src/hotspot/src/share/vm/classfile/systemDi
Event: 5,976 Thread 0x00007f3604003000 Exception <a 'java/lang/ClassNotFoundException': org/springframework/core/PriorityOrderedCustomizer> (0x00000000f25ab698) thrown at [/build/openjdk-8-TuolsG/openjdk-8-8u171-b11/src/hotspot/src/share/vm/classfile/systemDictionary.cpp, line 210]
Event: 5,976 Thread 0x00007f3604003000 Exception <a 'java/lang/ClassNotFoundException': org/springframework/beans/factory/BeanFactoryAwareCustomizer> (0x00000000f25c5908) thrown at [/build/openjdk-8-TuolsG/openjdk-8-8u171-b11/src/hotspot/src/share/vm/classfile/systemDictionary.cpp, line 210]
Event: 5,976 Thread 0x00007f3604003000 Exception <a 'java/lang/ClassNotFoundException': org/springframework/beans/factory/config/SmartInstantiationAwareBeanPostProcessorCustomizer> (0x00000000f25eacb8) thrown at [/build/openjdk-8-TuolsG/openjdk-8-8u171-b11/src/hotspot/src/share/vm/classfile/sy

Events (10 events):
Event: 5,976 loading class org/springframework/beans/factory/config/SmartInstantiationAwareBeanPostProcessorCustomizer done
Event: 5,977 loading class javax/xml/ws/WebServiceRef
Event: 5,983 loading class javax/xml/ws/WebServiceRef done
Event: 5,983 loading class javax/ejb/EJB
Event: 5,983 loading class javax/ejb/EJB done
Event: 5,983 loading class javax/ejb$EJB
Event: 5,983 loading class javax/ejb$EJB done
Event: 5,983 loading class org/springframework/jndi/support/SimpleJndiBeanFactory
Event: 5,983 loading class org/springframework/jndi/support/SimpleJndiBeanFactory done
Event: 5,988 Executing VM operation: ParallelGCFailedAllocation


Dynamic libraries:
c2400000-c4180000 rw-p 00000000 00:00 0 
c4180000-eb700000 ---p 00000000 00:00 0 
eb700000-f4100000 rw-p 00000000 00:00 0 
f7400000-100000000 ---p 00000000 00:00 0 
100000000-1003ac000 rw-p 00000000 00:00 0 
1003ac000-140000000 ---p 00000000 00:00 0 
561a72a47000-561a72a48000 r-xp 00000000 08:01 292484                     /usr/lib/jvm/java-8-openjdk-amd64/jre/bin/java
561a72c47000-561a72c48000 r--p 00000000 08:01 292484                     /usr/lib/jvm/java-8-openjdk-amd64/jre/bin/java
561a72c48000-561a72c49000 rw-p 00001000 08:01 292484                     /usr/lib/jvm/java-8-openjdk-amd64/jre/bin/java
561a74576000-561a74597000 rw-p 00000000 00:00 0                          [heap]
7f35fc000000-7f35fc2ff000 rw-p 00000000 00:00 0 
7f35fc2ff000-7f3600000000 ---p 00000000 00:00 0 
7f3600000000-7f3600021000 rw-p 00000000 00:00 0 
7f3600021000-7f3604000000 ---p 00000000 00:00 0 
7f3604000000-7f3604021000 rw-p 00000000 00:00 0 
7f3604021000-7f3608000000 ---p 00000000 00:00 0 
7f3608000000-7f360843a000 rw-p 00000000 00:00 0 
7f360843a000-7f360c000000 ---p 00000000 00:00 0 
7f360c000000-7f360c021000 rw-p 00000000 00:00 0 
7f360c021000-7f3610000000 ---p 00000000 00:00 0 
7f3610000000-7f3610021000 rw-p 00000000 00:00 0 
7f3610021000-7f3614000000 ---p 00000000 00:00 0 
7f3614000000-7f3614021000 rw-p 00000000 00:00 0 
7f3614021000-7f3618000000 ---p 00000000 00:00 0 
7f3618000000-7f3618021000 rw-p 00000000 00:00 0 
7f3618021000-7f361c000000 ---p 00000000 00:00 0 
7f361c000000-7f361c6c4000 rw-p 00000000 00:00 0 
7f361c6c4000-7f3620000000 ---p 00000000 00:00 0 
7f3620000000-7f3620021000 rw-p 00000000 00:00 0 
7f3620021000-7f3624000000 ---p 00000000 00:00 0 
7f3624000000-7f3624021000 rw-p 00000000 00:00 0 
7f3624021000-7f3628000000 ---p 00000000 00:00 0 
7f3628000000-7f3628026000 rw-p 00000000 00:00 0 
7f3628026000-7f362c000000 ---p 00000000 00:00 0 
7f362c000000-7f362c021000 rw-p 00000000 00:00 0 
7f362c021000-7f3630000000 ---p 00000000 00:00 0 
7f3630000000-7f3630021000 rw-p 00000000 00:00 0 
7f3630021000-7f3634000000 ---p 00000000 00:00 0 
7f3634000000-7f3634021000 rw-p 00000000 00:00 0 
7f3634021000-7f3638000000 ---p 00000000 00:00 0 
7f3638000000-7f3638021000 rw-p 00000000 00:00 0 
7f3638021000-7f363c000000 ---p 00000000 00:00 0 
7f363c000000-7f363c021000 rw-p 00000000 00:00 0 
7f363c021000-7f3640000000 ---p 00000000 00:00 0 
7f3641467000-7f3641567000 rw-p 00000000 00:00 0 
7f3641567000-7f3641667000 ---p 00000000 00:00 0 
7f3641667000-7f3641867000 rw-p 00000000 00:00 0 
7f3641867000-7f364186c000 r--s 002f9000 08:01 298009                     /usr/lib/jvm/java-8-openjdk-amd64/jre/lib/charsets.jar
7f364186c000-7f364186f000 ---p 00000000 00:00 0 
7f364186f000-7f3641b6d000 rw-p 00000000 00:00 0 
7f3641b6d000-7f3641d6d000 rw-p 00000000 00:00 0 
7f3641d6d000-7f3641d80000 r--s 00346000 08:01 298070                     /usr/lib/jvm/java-8-openjdk-amd64/jre/lib/resources.jar
7f3641d80000-7f3641f80000 rw-p 00000000 00:00 0 
7f3641f80000-7f3642180000 rw-p 00000000 00:00 0 
7f3642180000-7f3642380000 rw-p 00000000 00:00 0 
7f3642380000-7f3642383000 ---p 00000000 00:00 0 
7f3642383000-7f3642481000 rw-p 00000000 00:00 0 
7f3642481000-7f3642484000 ---p 00000000 00:00 0 
7f3642484000-7f3642582000 rw-p 00000000 00:00 0 
7f3642582000-7f3642585000 ---p 00000000 00:00 0 
7f3642585000-7f3642883000 rw-p 00000000 00:00 0 
7f3642883000-7f3642884000 ---p 00000000 00:00 0 
7f3642884000-7f3642984000 rw-p 00000000 00:00 0 
7f3642984000-7f3642987000 ---p 00000000 00:00 0 
7f3642987000-7f3642a85000 rw-p 00000000 00:00 0 
7f3642a85000-7f3642a88000 ---p 00000000 00:00 0 
7f3642a88000-7f3642b86000 rw-p 00000000 00:00 0 
7f3642b86000-7f3642b89000 ---p 00000000 00:00 0 
7f3642b89000-7f3642c87000 rw-p 00000000 00:00 0 
7f3642c87000-7f3642c8c000 r--s 0009d000 08:01 298066                     /usr/lib/jvm/java-8-openjdk-amd64/jre/lib/jsse.jar
7f3642c8c000-7f3642c8f000 r--s 00026000 08:01 466731                     /home/gita/.m2/repository/org/unbescape/unbescape/1.1.5.RELEASE/unbescape-1.1.5.RELEASE.jar
7f3642c8f000-7f3642c93000 r--s 00035000 08:01 466729                     /home/gita/.m2/repository/org/attoparser/attoparser/2.0.4.RELEASE/attoparser-2.0.4.RELEASE.jar
7f3642c93000-7f3642c97000 r--s 00036000 08:01 450773                     /home/gita/.m2/repository/ognl/ognl/3.1.12/ognl-3.1.12.jar
7f3642c97000-7f3642ca7000 r--s 000c4000 08:01 472314                     /home/gita/.m2/repository/org/thymeleaf/thymeleaf/3.0.8.RELEASE/thymeleaf-3.0.8.RELEASE.jar
7f3642ca7000-7f3642cb8000 r--s 0008a000 08:01 461130                     /home/gita/.m2/repository/joda-time/joda-time/2.9.9/joda-time-2.9.9.jar
7f3642cb8000-7f3642cb9000 r--s 00014000 08:01 461126                     /home/gita/.m2/repository/com/squareup/okio/okio/1.14.0/okio-1.14.0.jar
7f3642cb9000-7f3642cbe000 r--s 00060000 08:01 451738                     /home/gita/.m2/repository/com/squareup/okhttp3/okhttp/3.10.0/okhttp-3.10.0.jar
7f3642cbe000-7f3642cc3000 r--s 00036000 08:01 451736                     /home/gita/.m2/repository/com/google/code/gson/gson/2.8.5/gson-2.8.5.jar
7f3642cc3000-7f3642cc8000 r--s 0002f000 08:01 451734                     /home/gita/.m2/repository/com/google/maps/google-maps-services/0.2.9/google-maps-services-0.2.9.jar
7f3642cc8000-7f3642ccc000 r--s 00027000 08:01 472356                     /home/gita/.m2/repository/org/thymeleaf/thymeleaf-spring5/3.0.8.RELEASE/thymeleaf-spring5-3.0.8.RELEASE.jar
7f3642ccc000-7f3642ccd000 r--s 00009000 08:01 466733                     /home/gita/.m2/repository/org/thymeleaf/extras/thymeleaf-extras-java8time/3.0.1.RELEASE/thymeleaf-extras-java8time-3.0.1.RELEASE.jar
7f3642ccd000-7f3642cce000 r--s 00000000 08:01 466723                     /home/gita/.m2/repository/org/springframework/boot/spring-boot-starter-thymeleaf/2.0.3.RELEASE/spring-boot-starter-thymeleaf-2.0.3.RELEASE.jar
7f3642cce000-7f3642cd6000 r--s 00037000 08:01 468594                     /home/gita/.m2/repository/org/springframework/spring-tx/5.0.7.RELEASE/spring-tx-5.0.7.RELEASE.jar
7f3642cd6000-7f3642cdf000 r--s 00059000 08:01 468592                     /home/gita/.m2/repository/org/springframework/spring-jdbc/5.0.7.RELEASE/spring-jdbc-5.0.7.RELEASE.jar
7f3642cdf000-7f3642ce3000 r--s 0002b000 08:01 468590                     /home/gita/.m2/repository/org/springframework/spring-orm/5.0.7.RELEASE/spring-orm-5.0.7.RELEASE.jar
7f3642ce3000-7f3642ce5000 r--s 00009000 08:01 462404                     /home/gita/.m2/repository/org/slf4j/slf4j-api/1.7.25/slf4j-api-1.7.25.jar
7f3642ce5000-7f3642cf1000 r--s 00096000 08:01 462372                     /home/gita/.m2/repository/org/springframework/spring-beans/5.0.7.RELEASE/spring-beans-5.0.7.RELEASE.jar
7f3642cf1000-7f3642d08000 r--s 000ed000 08:01 472234                     /home/gita/.m2/repository/org/springframework/data/spring-data-commons/2.0.5.RELEASE/spring-data-commons-2.0.5.RELEASE.jar
7f3642d08000-7f3642d0a000 r--s 00004000 08:01 462428                     /home/gita/.m2/repository/org/springframework/spring-jcl/5.0.7.RELEASE/spring-jcl-5.0.7.RELEASE.jar
7f3642d0a000-7f3642d22000 r--s 00114000 08:01 462426                     /home/gita/.m2/repository/org/springframework/spring-core/5.0.7.RELEASE/spring-core-5.0.7.RELEASE.jar
7f3642d22000-7f3642d2c000 r--s 000ec000 08:01 471774                     /home/gita/.m2/repository/mysql/mysql-connector-java/5.1.46/mysql-connector-java-5.1.46.jar
7f3642d2c000-7f3642d4c000 r--s 000fc000 08:01 462322                     /home/gita/.m2/repository/org/springframework/boot/spring-boot-autoconfigure/2.0.3.RELEASE/spring-boot-autoconfigure-2.0.3.RELEASE.jar
7f3642d4c000-7f3642d61000 r--s 000cf000 08:01 462320                     /home/gita/.m2/repository/org/springframework/boot/spring-boot/2.0.3.RELEASE/spring-boot-2.0.3.RELEASE.jar
7f3642d61000-7f3642d67000 r--s 0002d000 08:01 470278                     /home/gita/.m2/repository/org/springframework/boot/spring-boot-devtools/2.0.3.RELEASE/spring-boot-devtools-2.0.3.RELEASE.jar
7f3642d67000-7f3642d6c000 r--s 00040000 08:01 462380                     /home/gita/.m2/repository/org/springframework/spring-expression/5.0.7.RELEASE/spring-expression-5.0.7.RELEASE.jar
7f3642d6c000-7f3642d7b000 r--s 000b2000 08:01 462374                     /home/gita/.m2/repository/org/springframework/spring-webmvc/5.0.7.RELEASE/spring-webmvc-5.0.7.RELEASE.jar
7f3642d7b000-7f3642d95000 r--s 00119000 08:01 462370                     /home/gita/.m2/repository/org/springframework/spring-web/5.0.7.RELEASE/spring-web-5.0.7.RELEASE.jar
7f3642d95000-7f3642d9a000 r--s 00012000 08:01 462364                     /home/gita/.m2/repository/javax/validation/validation-api/2.0.1.Final/validation-api-2.0.1.Final.jar
7f3642d9a000-7f3642db6000 r--s 000f9000 08:01 462362                     /home/gita/.m2/repository/org/hibernate/validator/hibernate-validator/6.0.10.Final/hibernate-validator-6.0.10.Final.jar
7f3642db6000-7f3642dbb000 r--s 0003a000 08:01 462360                     /home/gita/.m2/repository/org/apache/tomcat/embed/tomcat-embed-websocket/8.5.31/tomcat-embed-websocket-8.5.31.jar
7f3642dbb000-7f3642dbf000 r--s 00037000 08:01 462358                     /home/gita/.m2/repository/org/apache/tomcat/embed/tomcat-embed-el/8.5.31/tomcat-embed-el-8.5.31.jar
7f3642dbf000-7f3642de8000 r--s 002d0000 08:01 462356                     /home/gita/.m2/repository/org/apache/tomcat/embed/tomcat-embed-core/8.5.31/tomcat-embed-core-8.5.31.jar
7f3642de8000-7f3642de9000 r--s 00000000 08:01 462354                     /home/gita/.m2/repository/org/springframework/boot/spring-boot-starter-tomcat/2.0.3.RELEASE/spring-boot-starter-tomcat-2.0.3.RELEASE.jar
7f3642de9000-7f3642deb000 r--s 00001000 08:01 462352                     /home/gita/.m2/repository/com/fasterxml/jackson/module/jackson-module-parameter-names/2.9.6/jackson-module-parameter-names-2.9.6.jar
7f3642deb000-7f3642dee000 r--s 00016000 08:01 462350                     /home/gita/.m2/repository/com/fasterxml/jackson/datatype/jackson-datatype-jsr310/2.9.6/jackson-datatype-jsr310-2.9.6.jar
7f3642dee000-7f3642df0000 r--s 00007000 08:01 462348                     /home/gita/.m2/repository/com/fasterxml/jackson/datatype/jackson-datatype-jdk8/2.9.6/jackson-datatype-jdk8-2.9.6.jar
7f3642df0000-7f3642df5000 r--s 0004b000 08:01 462346                     /home/gita/.m2/repository/com/fasterxml/jackson/core/jackson-core/2.9.6/jackson-core-2.9.6.jar
7f3642df5000-7f3642df8000 r--s 0000e000 08:01 462344                     /home/gita/.m2/repository/com/fasterxml/jackson/core/jackson-annotations/2.9.0/jackson-annotations-2.9.0.jar
7f3642df8000-7f3642e0b000 r--s 00137000 08:01 462342                     /home/gita/.m2/repository/com/fasterxml/jackson/core/jackson-databind/2.9.6/jackson-databind-2.9.6.jar
7f3642e0b000-7f3642e0c000 r--s 00000000 08:01 462340                     /home/gita/.m2/repository/org/springframework/boot/spring-boot-starter-json/2.0.3.RELEASE/spring-boot-starter-json-2.0.3.RELEASE.jar
7f3642e0c000-7f3642e0d000 r--s 00000000 08:01 462316                     /home/gita/.m2/repository/org/springframework/boot/spring-boot-starter-web/2.0.3.RELEASE/spring-boot-starter-web-2.0.3.RELEASE.jar
7f3642e0d000-7f3642e0f000 r--s 0000a000 08:01 469500                     /home/gita/.m2/repository/org/springframework/spring-aspects/5.0.7.RELEASE/spring-aspects-5.0.7.RELEASE.jar
7f3642e0f000-7f3642e29000 r--s 000f1000 08:01 462378                     /home/gita/.m2/repository/org/springframework/spring-context/5.0.7.RELEASE/spring-context-5.0.7.RELEASE.jar
7f3642e29000-7f3642e31000 r--s 0004b000 08:01 468586                     /home/gita/.m2/repository/org/springframework/data/spring-data-jpa/2.0.8.RELEASE/spring-data-jpa-2.0.8.RELEASE.jar
7f3642e31000-7f3642e33000 r--s 00006000 08:01 469498                     /home/gita/.m2/repository/javax/transaction/javax.transaction-api/1.2/javax.transaction-api-1.2.jar
7f3642e33000-7f3642e36000 r--s 00010000 08:01 469496                     /home/gita/.m2/repository/org/hibernate/common/hibernate-commons-annotations/5.0.1.Final/hibernate-commons-annotations-5.0.1.Final.jar
7f3642e36000-7f3642e3b000 r--s 00048000 08:01 469494                     /home/gita/.m2/repository/dom4j/dom4j/1.6.1/dom4j-1.6.1.jar
7f3642e3b000-7f3642e3e000 r--s 0002b000 08:01 469492                     /home/gita/.m2/repository/org/jboss/jandex/2.0.3.Final/jandex-2.0.3.Final.jar
7f3642e3e000-7f3642e43000 r--s 00068000 08:01 469490                     /home/gita/.m2/repository/antlr/antlr/2.7.7/antlr-2.7.7.jar
7f3642e43000-7f3642e4d000 r--s 000ab000 08:01 469488                     /home/gita/.m2/repository/org/javassist/javassist/3.22.0-GA/javassist-3.22.0-GA.jar
7f3642e4d000-7f3642ecb000 r--s 005f0000 08:01 469484                     /home/gita/.m2/repository/org/hibernate/hibernate-core/5.2.17.Final/hibernate-core-5.2.17.Final.jar
7f3642ecb000-7f3642edc000 r-xp 00000000 08:01 297983                     /usr/lib/jvm/java-8-openjdk-amd64/jre/lib/amd64/libnio.so
7f3642edc000-7f36430dc000 ---p 00011000 08:01 297983                     /usr/lib/jvm/java-8-openjdk-amd64/jre/lib/amd64/libnio.so
7f36430dc000-7f36430dd000 r--p 00011000 08:01 297983                     /usr/lib/jvm/java-8-openjdk-amd64/jre/lib/amd64/libnio.so
7f36430dd000-7f36430de000 rw-p 00012000 08:01 297983                     /usr/lib/jvm/java-8-openjdk-amd64/jre/lib/amd64/libnio.so
7f36430de000-7f36430f4000 r-xp 00000000 08:01 297982                     /usr/lib/jvm/java-8-openjdk-amd64/jre/lib/amd64/libnet.so
7f36430f4000-7f36432f4000 ---p 00016000 08:01 297982                     /usr/lib/jvm/java-8-openjdk-amd64/jre/lib/amd64/libnet.so
7f36432f4000-7f36432f5000 r--p 00016000 08:01 297982                     /usr/lib/jvm/java-8-openjdk-amd64/jre/lib/amd64/libnet.so
7f36432f5000-7f36432f6000 rw-p 00017000 08:01 297982                     /usr/lib/jvm/java-8-openjdk-amd64/jre/lib/amd64/libnet.so
7f36432f6000-7f36432ff000 r-xp 00000000 08:01 297979                     /usr/lib/jvm/java-8-openjdk-amd64/jre/lib/amd64/libmanagement.so
7f36432ff000-7f36434fe000 ---p 00009000 08:01 297979                     /usr/lib/jvm/java-8-openjdk-amd64/jre/lib/amd64/libmanagement.so
7f36434fe000-7f36434ff000 r--p 00008000 08:01 297979                     /usr/lib/jvm/java-8-openjdk-amd64/jre/lib/amd64/libmanagement.so
7f36434ff000-7f3643500000 rw-p 00009000 08:01 297979                     /usr/lib/jvm/java-8-openjdk-amd64/jre/lib/amd64/libmanagement.so
7f3643500000-7f3644000000 r--p 00000000 08:01 269867                     /usr/lib/locale/locale-archive
7f3644000000-7f3644021000 rw-p 00000000 00:00 0 
7f3644021000-7f3648000000 ---p 00000000 00:00 0 
7f3648000000-7f3648002000 r--s 0000e000 08:01 462368                     /home/gita/.m2/repository/com/fasterxml/classmate/1.3.4/classmate-1.3.4.jar
7f3648002000-7f3648007000 r--s 00017000 08:01 469486                     /home/gita/.m2/repository/org/hibernate/javax/persistence/hibernate-jpa-2.1-api/1.0.2.Final/hibernate-jpa-2.1-api-1.0.2.Final.jar
7f3648007000-7f3648009000 r--s 0000f000 08:01 462366                     /home/gita/.m2/repository/org/jboss/logging/jboss-logging/3.3.2.Final/jboss-logging-3.3.2.Final.jar
7f3648009000-7f364800d000 r--s 00020000 08:01 469482                     /home/gita/.m2/repository/com/zaxxer/HikariCP/2.7.9/HikariCP-2.7.9.jar
7f364800d000-7f364800e000 r--s 00000000 08:01 469480                     /home/gita/.m2/repository/org/springframework/boot/spring-boot-starter-jdbc/2.0.3.RELEASE/spring-boot-starter-jdbc-2.0.3.RELEASE.jar
7f364800e000-7f3648027000 r--s 001bf000 08:01 469478                     /home/gita/.m2/repository/org/aspectj/aspectjweaver/1.8.13/aspectjweaver-1.8.13.jar
7f3648027000-7f3648030000 r--s 00051000 08:01 462376                     /home/gita/.m2/repository/org/springframework/spring-aop/5.0.7.RELEASE/spring-aop-5.0.7.RELEASE.jar
7f3648030000-7f3648031000 r--s 00000000 08:01 469476                     /home/gita/.m2/repository/org/springframework/boot/spring-boot-starter-aop/2.0.3.RELEASE/spring-boot-starter-aop-2.0.3.RELEASE.jar
7f3648031000-7f3648038000 r--s 00042000 08:01 462338                     /home/gita/.m2/repository/org/yaml/snakeyaml/1.19/snakeyaml-1.19.jar
7f3648038000-7f364803a000 r--s 00005000 08:01 462336                     /home/gita/.m2/repository/javax/annotation/javax.annotation-api/1.3.2/javax.annotation-api-1.3.2.jar
7f364803a000-7f364803c000 r--s 00000000 08:01 462334                     /home/gita/.m2/repository/org/slf4j/jul-to-slf4j/1.7.25/jul-to-slf4j-1.7.25.jar
7f364803c000-7f3648042000 r--s 00039000 08:01 462332                     /home/gita/.m2/repository/org/apache/logging/log4j/log4j-api/2.10.0/log4j-api-2.10.0.jar
7f3648042000-7f3648044000 r--s 00003000 08:01 462330                     /home/gita/.m2/repository/org/apache/logging/log4j/log4j-to-slf4j/2.10.0/log4j-to-slf4j-2.10.0.jar
7f3648044000-7f364804f000 r--s 00069000 08:01 462328                     /home/gita/.m2/repository/ch/qos/logback/logback-core/1.2.3/logback-core-1.2.3.jar
7f364804f000-7f3648055000 r--s 00041000 08:01 462326                     /home/gita/.m2/repository/ch/qos/logback/logback-classic/1.2.3/logback-classic-1.2.3.jar
7f3648055000-7f3648070000 r--s 001d6000 08:01 298049                     /usr/lib/jvm/java-8-openjdk-amd64/jre/lib/ext/nashorn.jar
7f3648070000-7f364807a000 r--s 00116000 08:01 298042                     /usr/lib/jvm/java-8-openjdk-amd64/jre/lib/ext/localedata.jar
7f364807a000-7f3648095000 r--s 00394000 08:01 298029                     /usr/lib/jvm/java-8-openjdk-amd64/jre/lib/ext/cldrdata.jar
7f3648095000-7f36480c6000 rw-p 00000000 00:00 0 
7f36480c6000-7f36480c9000 ---p 00000000 00:00 0 
7f36480c9000-7f36481c7000 rw-p 00000000 00:00 0 
7f36481c7000-7f36481c8000 ---p 00000000 00:00 0 
7f36481c8000-7f36481cb000 ---p 00000000 00:00 0 
7f36481cb000-7f36482c8000 rw-p 00000000 00:00 0 
7f36482c8000-7f36482c9000 ---p 00000000 00:00 0 
7f36482c9000-7f36482cc000 ---p 00000000 00:00 0 
7f36482cc000-7f36483c9000 rw-p 00000000 00:00 0 
7f36483c9000-7f36483cc000 ---p 00000000 00:00 0 
7f36483cc000-7f36484ca000 rw-p 00000000 00:00 0 
7f36484ca000-7f36484cd000 ---p 00000000 00:00 0 
7f36484cd000-7f36485cb000 rw-p 00000000 00:00 0 
7f36485cb000-7f36485ce000 ---p 00000000 00:00 0 
7f36485ce000-7f36486cc000 rw-p 00000000 00:00 0 
7f36486cc000-7f36486cd000 ---p 00000000 00:00 0 
7f36486cd000-7f36493fa000 rw-p 00000000 00:00 0 
7f36493fa000-7f36495c9000 r--s 03c2f000 08:01 298071                     /usr/lib/jvm/java-8-openjdk-amd64/jre/lib/rt.jar
7f36495c9000-7f364bf0d000 rw-p 00000000 00:00 0 
7f364bf0d000-7f364bf0e000 ---p 00000000 00:00 0 
7f364bf0e000-7f364c00e000 rw-p 00000000 00:00 0 
7f364c00e000-7f364c00f000 ---p 00000000 00:00 0 
7f364c00f000-7f364c10f000 rw-p 00000000 00:00 0 
7f364c10f000-7f364c110000 ---p 00000000 00:00 0 
7f364c110000-7f364c21f000 rw-p 00000000 00:00 0 
7f364c21f000-7f364c359000 ---p 00000000 00:00 0 
7f364c359000-7f364c39f000 rw-p 00000000 00:00 0 
7f364c39f000-7f364c3fe000 ---p 00000000 00:00 0 
7f364c3fe000-7f364c416000 rw-p 00000000 00:00 0 
7f364c416000-7f364c7bf000 ---p 00000000 00:00 0 
7f364c7bf000-7f364cd4f000 rwxp 00000000 00:00 0 
7f364cd4f000-7f365b7bf000 ---p 00000000 00:00 0 
7f365b7bf000-7f365b7c7000 r-xp 00000000 08:01 298000                     /usr/lib/jvm/java-8-openjdk-amd64/jre/lib/amd64/libzip.so
7f365b7c7000-7f365b9c6000 ---p 00008000 08:01 298000                     /usr/lib/jvm/java-8-openjdk-amd64/jre/lib/amd64/libzip.so
7f365b9c6000-7f365b9c7000 r--p 00007000 08:01 298000                     /usr/lib/jvm/java-8-openjdk-amd64/jre/lib/amd64/libzip.so
7f365b9c7000-7f365b9c8000 rw-p 00008000 08:01 298000                     /usr/lib/jvm/java-8-openjdk-amd64/jre/lib/amd64/libzip.so
7f365b9c8000-7f365b9d3000 r-xp 00000000 08:01 138039                     /lib/x86_64-linux-gnu/libnss_files-2.27.so
7f365b9d3000-7f365bbd2000 ---p 0000b000 08:01 138039                     /lib/x86_64-linux-gnu/libnss_files-2.27.so
7f365bbd2000-7f365bbd3000 r--p 0000a000 08:01 138039                     /lib/x86_64-linux-gnu/libnss_files-2.27.so
7f365bbd3000-7f365bbd4000 rw-p 0000b000 08:01 138039                     /lib/x86_64-linux-gnu/libnss_files-2.27.so
7f365bbd4000-7f365bbda000 rw-p 00000000 00:00 0 
7f365bbda000-7f365bbf1000 r-xp 00000000 08:01 138033                     /lib/x86_64-linux-gnu/libnsl-2.27.so
7f365bbf1000-7f365bdf0000 ---p 00017000 08:01 138033                     /lib/x86_64-linux-gnu/libnsl-2.27.so
7f365bdf0000-7f365bdf1000 r--p 00016000 08:01 138033                     /lib/x86_64-linux-gnu/libnsl-2.27.so
7f365bdf1000-7f365bdf2000 rw-p 00017000 08:01 138033                     /lib/x86_64-linux-gnu/libnsl-2.27.so
7f365bdf2000-7f365bdf4000 rw-p 00000000 00:00 0 
7f365bdf4000-7f365bdff000 r-xp 00000000 08:01 138050                     /lib/x86_64-linux-gnu/libnss_nis-2.27.so
7f365bdff000-7f365bffe000 ---p 0000b000 08:01 138050                     /lib/x86_64-linux-gnu/libnss_nis-2.27.so
7f365bffe000-7f365bfff000 r--p 0000a000 08:01 138050                     /lib/x86_64-linux-gnu/libnss_nis-2.27.so
7f365bfff000-7f365c000000 rw-p 0000b000 08:01 138050                     /lib/x86_64-linux-gnu/libnss_nis-2.27.so
7f365c000000-7f365c84e000 rw-p 00000000 00:00 0 
7f365c84e000-7f3660000000 ---p 00000000 00:00 0 
7f3660000000-7f3660001000 r--s 00000000 08:01 462324                     /home/gita/.m2/repository/org/springframework/boot/spring-boot-starter-logging/2.0.3.RELEASE/spring-boot-starter-logging-2.0.3.RELEASE.jar
7f3660001000-7f3660002000 r--s 00000000 08:01 462318                     /home/gita/.m2/repository/org/springframework/boot/spring-boot-starter/2.0.3.RELEASE/spring-boot-starter-2.0.3.RELEASE.jar
7f3660002000-7f3660003000 r--s 00000000 08:01 469474                     /home/gita/.m2/repository/org/springframework/boot/spring-boot-starter-data-jpa/2.0.3.RELEASE/spring-boot-starter-data-jpa-2.0.3.RELEASE.jar
7f3660003000-7f3660005000 r--s 00001000 08:01 298030                     /usr/lib/jvm/java-8-openjdk-amd64/jre/lib/ext/dnsns.jar
7f3660005000-7f366000b000 r--s 0003b000 08:01 298051                     /usr/lib/jvm/java-8-openjdk-amd64/jre/lib/ext/sunjce_provider.jar
7f366000b000-7f366007d000 rw-p 00000000 00:00 0 
7f366007d000-7f36601b8000 ---p 00000000 00:00 0 
7f36601b8000-7f36601c0000 r-xp 00000000 08:01 138035                     /lib/x86_64-linux-gnu/libnss_compat-2.27.so
7f36601c0000-7f36603c0000 ---p 00008000 08:01 138035                     /lib/x86_64-linux-gnu/libnss_compat-2.27.so
7f36603c0000-7f36603c1000 r--p 00008000 08:01 138035                     /lib/x86_64-linux-gnu/libnss_compat-2.27.so
7f36603c1000-7f36603c2000 rw-p 00009000 08:01 138035                     /lib/x86_64-linux-gnu/libnss_compat-2.27.so
7f36603c2000-7f36603f0000 r-xp 00000000 08:01 297925                     /usr/lib/jvm/java-8-openjdk-amd64/jre/lib/amd64/libjava.so
7f36603f0000-7f36605ef000 ---p 0002e000 08:01 297925                     /usr/lib/jvm/java-8-openjdk-amd64/jre/lib/amd64/libjava.so
7f36605ef000-7f36605f0000 r--p 0002d000 08:01 297925                     /usr/lib/jvm/java-8-openjdk-amd64/jre/lib/amd64/libjava.so
7f36605f0000-7f36605f2000 rw-p 0002e000 08:01 297925                     /usr/lib/jvm/java-8-openjdk-amd64/jre/lib/amd64/libjava.so
7f36605f2000-7f3660602000 r-xp 00000000 08:01 297996                     /usr/lib/jvm/java-8-openjdk-amd64/jre/lib/amd64/libverify.so
7f3660602000-7f3660801000 ---p 00010000 08:01 297996                     /usr/lib/jvm/java-8-openjdk-amd64/jre/lib/amd64/libverify.so
7f3660801000-7f3660803000 r--p 0000f000 08:01 297996                     /usr/lib/jvm/java-8-openjdk-amd64/jre/lib/amd64/libverify.so
7f3660803000-7f3660804000 rw-p 00011000 08:01 297996                     /usr/lib/jvm/java-8-openjdk-amd64/jre/lib/amd64/libverify.so
7f3660804000-7f366080b000 r-xp 00000000 08:01 138090                     /lib/x86_64-linux-gnu/librt-2.27.so
7f366080b000-7f3660a0a000 ---p 00007000 08:01 138090                     /lib/x86_64-linux-gnu/librt-2.27.so
7f3660a0a000-7f3660a0b000 r--p 00006000 08:01 138090                     /lib/x86_64-linux-gnu/librt-2.27.so
7f3660a0b000-7f3660a0c000 rw-p 00007000 08:01 138090                     /lib/x86_64-linux-gnu/librt-2.27.so
7f3660a0c000-7f3660a23000 r-xp 00000000 08:01 137986                     /lib/x86_64-linux-gnu/libgcc_s.so.1
7f3660a23000-7f3660c22000 ---p 00017000 08:01 137986                     /lib/x86_64-linux-gnu/libgcc_s.so.1
7f3660c22000-7f3660c23000 r--p 00016000 08:01 137986                     /lib/x86_64-linux-gnu/libgcc_s.so.1
7f3660c23000-7f3660c24000 rw-p 00017000 08:01 137986                     /lib/x86_64-linux-gnu/libgcc_s.so.1
7f3660c24000-7f3660dc1000 r-xp 00000000 08:01 138012                     /lib/x86_64-linux-gnu/libm-2.27.so
7f3660dc1000-7f3660fc0000 ---p 0019d000 08:01 138012                     /lib/x86_64-linux-gnu/libm-2.27.so
7f3660fc0000-7f3660fc1000 r--p 0019c000 08:01 138012                     /lib/x86_64-linux-gnu/libm-2.27.so
7f3660fc1000-7f3660fc2000 rw-p 0019d000 08:01 138012                     /lib/x86_64-linux-gnu/libm-2.27.so
7f3660fc2000-7f3661140000 r-xp 00000000 08:01 273388                     /usr/lib/x86_64-linux-gnu/libstdc++.so.6.0.25
7f3661140000-7f3661340000 ---p 0017e000 08:01 273388                     /usr/lib/x86_64-linux-gnu/libstdc++.so.6.0.25
7f3661340000-7f366134a000 r--p 0017e000 08:01 273388                     /usr/lib/x86_64-linux-gnu/libstdc++.so.6.0.25
7f366134a000-7f366134c000 rw-p 00188000 08:01 273388                     /usr/lib/x86_64-linux-gnu/libstdc++.so.6.0.25
7f366134c000-7f3661350000 rw-p 00000000 00:00 0 
7f3661350000-7f3661fe1000 r-xp 00000000 08:01 298008                     /usr/lib/jvm/java-8-openjdk-amd64/jre/lib/amd64/server/libjvm.so
7f3661fe1000-7f36621e1000 ---p 00c91000 08:01 298008                     /usr/lib/jvm/java-8-openjdk-amd64/jre/lib/amd64/server/libjvm.so
7f36621e1000-7f3662274000 r--p 00c91000 08:01 298008                     /usr/lib/jvm/java-8-openjdk-amd64/jre/lib/amd64/server/libjvm.so
7f3662274000-7f366229c000 rw-p 00d24000 08:01 298008                     /usr/lib/jvm/java-8-openjdk-amd64/jre/lib/amd64/server/libjvm.so
7f366229c000-7f36622cd000 rw-p 00000000 00:00 0 
7f36622cd000-7f36622e7000 r-xp 00000000 08:01 138082                     /lib/x86_64-linux-gnu/libpthread-2.27.so
7f36622e7000-7f36624e6000 ---p 0001a000 08:01 138082                     /lib/x86_64-linux-gnu/libpthread-2.27.so
7f36624e6000-7f36624e7000 r--p 00019000 08:01 138082                     /lib/x86_64-linux-gnu/libpthread-2.27.so
7f36624e7000-7f36624e8000 rw-p 0001a000 08:01 138082                     /lib/x86_64-linux-gnu/libpthread-2.27.so
7f36624e8000-7f36624ec000 rw-p 00000000 00:00 0 
7f36624ec000-7f36624ef000 r-xp 00000000 08:01 137972                     /lib/x86_64-linux-gnu/libdl-2.27.so
7f36624ef000-7f36626ee000 ---p 00003000 08:01 137972                     /lib/x86_64-linux-gnu/libdl-2.27.so
7f36626ee000-7f36626ef000 r--p 00002000 08:01 137972                     /lib/x86_64-linux-gnu/libdl-2.27.so
7f36626ef000-7f36626f0000 rw-p 00003000 08:01 137972                     /lib/x86_64-linux-gnu/libdl-2.27.so
7f36626f0000-7f366270c000 r-xp 00000000 08:01 138121                     /lib/x86_64-linux-gnu/libz.so.1.2.11
7f366270c000-7f366290b000 ---p 0001c000 08:01 138121                     /lib/x86_64-linux-gnu/libz.so.1.2.11
7f366290b000-7f366290c000 r--p 0001b000 08:01 138121                     /lib/x86_64-linux-gnu/libz.so.1.2.11
7f366290c000-7f366290d000 rw-p 0001c000 08:01 138121                     /lib/x86_64-linux-gnu/libz.so.1.2.11
7f366290d000-7f3662af4000 r-xp 00000000 08:01 137949                     /lib/x86_64-linux-gnu/libc-2.27.so
7f3662af4000-7f3662cf4000 ---p 001e7000 08:01 137949                     /lib/x86_64-linux-gnu/libc-2.27.so
7f3662cf4000-7f3662cf8000 r--p 001e7000 08:01 137949                     /lib/x86_64-linux-gnu/libc-2.27.so
7f3662cf8000-7f3662cfa000 rw-p 001eb000 08:01 137949                     /lib/x86_64-linux-gnu/libc-2.27.so
7f3662cfa000-7f3662cfe000 rw-p 00000000 00:00 0 
7f3662cfe000-7f3662d0c000 r-xp 00000000 08:01 296974                     /usr/lib/jvm/java-8-openjdk-amd64/jre/lib/amd64/jli/libjli.so
7f3662d0c000-7f3662f0b000 ---p 0000e000 08:01 296974                     /usr/lib/jvm/java-8-openjdk-amd64/jre/lib/amd64/jli/libjli.so
7f3662f0b000-7f3662f0c000 r--p 0000d000 08:01 296974                     /usr/lib/jvm/java-8-openjdk-amd64/jre/lib/amd64/jli/libjli.so
7f3662f0c000-7f3662f0d000 rw-p 0000e000 08:01 296974                     /usr/lib/jvm/java-8-openjdk-amd64/jre/lib/amd64/jli/libjli.so
7f3662f0d000-7f3662f34000 r-xp 00000000 08:01 137921                     /lib/x86_64-linux-gnu/ld-2.27.so
7f3662f34000-7f3662f37000 r--s 00038000 08:01 298052                     /usr/lib/jvm/java-8-openjdk-amd64/jre/lib/ext/sunpkcs11.jar
7f3662f37000-7f366301c000 rw-p 00000000 00:00 0 
7f366301c000-7f366301d000 ---p 00000000 00:00 0 
7f366301d000-7f3663020000 ---p 00000000 00:00 0 
7f3663020000-7f366311f000 rw-p 00000000 00:00 0 
7f366311f000-7f3663120000 r--s 0000a000 08:01 298041                     /usr/lib/jvm/java-8-openjdk-amd64/jre/lib/ext/jaccess.jar
7f3663120000-7f3663121000 r--s 00010000 08:01 298053                     /usr/lib/jvm/java-8-openjdk-amd64/jre/lib/ext/zipfs.jar
7f3663121000-7f3663124000 r--s 0000f000 08:01 298031                     /usr/lib/jvm/java-8-openjdk-amd64/jre/lib/ext/icedtea-sound.jar
7f3663124000-7f3663126000 r--s 00008000 08:01 298050                     /usr/lib/jvm/java-8-openjdk-amd64/jre/lib/ext/sunec.jar
7f3663126000-7f3663128000 r--s 00007000 08:01 442797                     /usr/share/java/java-atk-wrapper.jar
7f3663128000-7f3663130000 rw-s 00000000 08:01 19138                      /tmp/hsperfdata_gita/5483
7f3663130000-7f3663131000 rw-p 00000000 00:00 0 
7f3663131000-7f3663132000 ---p 00000000 00:00 0 
7f3663132000-7f3663134000 rw-p 00000000 00:00 0 
7f3663134000-7f3663135000 r--p 00027000 08:01 137921                     /lib/x86_64-linux-gnu/ld-2.27.so
7f3663135000-7f3663136000 rw-p 00028000 08:01 137921                     /lib/x86_64-linux-gnu/ld-2.27.so
7f3663136000-7f3663137000 rw-p 00000000 00:00 0 
7fff0b1bb000-7fff0b1de000 rw-p 00000000 00:00 0                          [stack]
7fff0b1f3000-7fff0b1f6000 r--p 00000000 00:00 0                          [vvar]
7fff0b1f6000-7fff0b1f8000 r-xp 00000000 00:00 0                          [vdso]
ffffffffff600000-ffffffffff601000 r-xp 00000000 00:00 0                  [vsyscall]

VM Arguments:
jvm_args: -Dcom.sun.management.jmxremote -Dcom.sun.management.jmxremote.port=44331 -Dcom.sun.management.jmxremote.authenticate=false -Dcom.sun.management.jmxremote.ssl=false -Djava.rmi.server.hostname=localhost -Dspring.liveBeansView.mbeanDomain -Dspring.application.admin.enabled=true -Djava.security.egd=file:/dev/./urandom -Xverify:none -XX:TieredStopAtLevel=1 -Dfile.encoding=UTF-8 
java_command: com.booking.cinema.CinemaApplication --spring.output.ansi.enabled=always
java_class_path (initial): /usr/lib/jvm/java-8-openjdk-amd64/jre/lib/resources.jar:/usr/lib/jvm/java-8-openjdk-amd64/jre/lib/rt.jar:/usr/lib/jvm/java-8-openjdk-amd64/jre/lib/jsse.jar:/usr/lib/jvm/java-8-openjdk-amd64/jre/lib/jce.jar:/usr/lib/jvm/java-8-openjdk-amd64/jre/lib/charsets.jar:/usr/share/java/java-atk-wrapper.jar:/usr/lib/jvm/java-8-openjdk-amd64/jre/lib/ext/cldrdata.jar:/usr/lib/jvm/java-8-openjdk-amd64/jre/lib/ext/sunec.jar:/usr/lib/jvm/java-8-openjdk-amd64/jre/lib/ext/sunjce_provider.jar:/usr/lib/jvm/java-8-openjdk-amd64/jre/lib/ext/localedata.jar:/usr/lib/jvm/java-8-openjdk-amd64/jre/lib/ext/nashorn.jar:/usr/lib/jvm/java-8-openjdk-amd64/jre/lib/ext/icedtea-sound.jar:/usr/lib/jvm/java-8-openjdk-amd64/jre/lib/ext/zipfs.jar:/usr/lib/jvm/java-8-openjdk-amd64/jre/lib/ext/sunpkcs11.jar:/usr/lib/jvm/java-8-openjdk-amd64/jre/lib/ext/jaccess.jar:/usr/lib/jvm/java-8-openjdk-amd64/jre/lib/ext/dnsns.jar:/home/gita/Desktop/NEW/CBS/target/classes:/home/gita/.m2/repository/org/springframework/boot/spring-boot-starter-data-jpa/2.0.3.RELEASE/spring-boot-starter-data-jpa-2.0.3.RELEASE.jar:/home/gita/.m2/repository/org/springframework/boot/spring-boot-starter/2.0.3.RELEASE/spring-boot-starter-2.0.3.RELEASE.jar:/home/gita/.m2/repository/org/springframework/boot/spring-boot-starter-logging/2.0.3.RELEASE/spring-boot-starter-logging-2.0.3.RELEASE.jar:/home/gita/.m2/repository/ch/qos/logback/logback-classic/1.2.3/logback-classic-1.2.3.jar:/home/gita/.m2/repository/ch/qos/logback/logback-core/1.2.3/logback-core-1.2.3.jar:/home/gita/.m2/repository/org/apache/logging/log4j/log4j-to-slf4j/2.10.0/log4j-to-slf4j-2.10.0.jar:/home/gita/.m2/repository/org/apache/logging/log4j/log4j-api/2.10.0/log4j-api-2.10.0.jar:/home/gita/.m2/repository/org/slf4j/jul-to-slf4j/1.7.25/jul-to-slf4j-1.7.25.jar:/home/gita/.m2/repository/javax/annotation/javax.annotation-api/1.3.2/javax.annotation-api-1.3.2.jar:/home/gita/.m2/repository/org/yaml/snakeyaml/1.19/snakeyaml-1.19.jar:/home/gita/.m2/repositor
Launcher Type: SUN_STANDARD

Environment Variables:
PATH=/usr/local/sbin:/usr/local/bin:/usr/sbin:/usr/bin:/sbin:/bin:/usr/games:/usr/local/games:/snap/bin
USERNAME=gita
SHELL=/bin/bash
DISPLAY=:0

Signal Handlers:
SIGSEGV: [libjvm.so+0xaabcd0], sa_mask[0]=11111111011111111101111111111110, sa_flags=SA_RESTART|SA_SIGINFO
SIGBUS: [libjvm.so+0xaabcd0], sa_mask[0]=11111111011111111101111111111110, sa_flags=SA_RESTART|SA_SIGINFO
SIGFPE: [libjvm.so+0x8e1d50], sa_mask[0]=11111111011111111101111111111110, sa_flags=SA_RESTART|SA_SIGINFO
SIGPIPE: [libjvm.so+0x8e1d50], sa_mask[0]=11111111011111111101111111111110, sa_flags=SA_RESTART|SA_SIGINFO
SIGXFSZ: [libjvm.so+0x8e1d50], sa_mask[0]=11111111011111111101111111111110, sa_flags=SA_RESTART|SA_SIGINFO
SIGILL: [libjvm.so+0x8e1d50], sa_mask[0]=11111111011111111101111111111110, sa_flags=SA_RESTART|SA_SIGINFO
SIGUSR1: SIG_DFL, sa_mask[0]=00000000000000000000000000000000, sa_flags=none
SIGUSR2: [libjvm.so+0x8e1c00], sa_mask[0]=00100000000000000000000000000000, sa_flags=SA_RESTART|SA_SIGINFO
SIGHUP: [libjvm.so+0x8e20b0], sa_mask[0]=11111111011111111101111111111110, sa_flags=SA_RESTART|SA_SIGINFO
SIGINT: [libjvm.so+0x8e20b0], sa_mask[0]=11111111011111111101111111111110, sa_flags=SA_RESTART|SA_SIGINFO
SIGTERM: [libjvm.so+0x8e20b0], sa_mask[0]=11111111011111111101111111111110, sa_flags=SA_RESTART|SA_SIGINFO
SIGQUIT: [libjvm.so+0x8e20b0], sa_mask[0]=11111111011111111101111111111110, sa_flags=SA_RESTART|SA_SIGINFO


---------------  S Y S T E M  ---------------

OS:DISTRIB_ID=Ubuntu
DISTRIB_RELEASE=18.04
DISTRIB_CODENAME=bionic
DISTRIB_DESCRIPTION="Ubuntu 18.04 LTS"

uname:Linux 4.15.0-23-generic #25-Ubuntu SMP Wed May 23 18:02:16 UTC 2018 x86_64
libc:glibc 2.27 NPTL 2.27 
rlimit: STACK 8192k, CORE 0k, NPROC 15548, NOFILE 4096, AS infinity
load average:1,16 0,59 0,43

/proc/meminfo:
MemTotal:        4039364 kB
MemFree:           97908 kB
MemAvailable:       7884 kB
Buffers:             392 kB
Cached:           148192 kB
SwapCached:         2460 kB
Active:          3100568 kB
Inactive:         637648 kB
Active(anon):    3093136 kB
Inactive(anon):   616224 kB
Active(file):       7432 kB
Inactive(file):    21424 kB
Unevictable:          32 kB
Mlocked:              32 kB
SwapTotal:        483800 kB
SwapFree:              0 kB
Dirty:                44 kB
Writeback:           352 kB
AnonPages:       3587436 kB
Mapped:           141040 kB
Shmem:            119496 kB
Slab:              73372 kB
SReclaimable:      28360 kB
SUnreclaim:        45012 kB
KernelStack:       13632 kB
PageTables:        58796 kB
NFS_Unstable:          0 kB
Bounce:                0 kB
WritebackTmp:          0 kB
CommitLimit:     2503480 kB
Committed_AS:   10200972 kB
VmallocTotal:   34359738367 kB
VmallocUsed:           0 kB
VmallocChunk:          0 kB
HardwareCorrupted:     0 kB
AnonHugePages:         0 kB
ShmemHugePages:        0 kB
ShmemPmdMapped:        0 kB
CmaTotal:              0 kB
CmaFree:               0 kB
HugePages_Total:       0
HugePages_Free:        0
HugePages_Rsvd:        0
HugePages_Surp:        0
Hugepagesize:       2048 kB
DirectMap4k:      176064 kB
DirectMap2M:     4018176 kB


CPU:total 3 (initial active 3) (3 cores per cpu, 1 threads per core) family 6 model 60 stepping 3, cmov, cx8, fxsr, mmx, sse, sse2, sse3, ssse3, sse4.1, sse4.2, popcnt, avx, avx2, aes, clmul, lzcnt, tsc, tscinvbit

/proc/cpuinfo:
processor	: 0
vendor_id	: GenuineIntel
cpu family	: 6
model		: 60
model name	: Intel(R) Core(TM) i7-4790 CPU @ 3.60GHz
stepping	: 3
cpu MHz		: 3599.978
cache size	: 8192 KB
physical id	: 0
siblings	: 3
core id		: 0
cpu cores	: 3
apicid		: 0
initial apicid	: 0
fpu		: yes
fpu_exception	: yes
cpuid level	: 13
wp		: yes
flags		: fpu vme de pse tsc msr pae mce cx8 apic sep mtrr pge mca cmov pat pse36 clflush mmx fxsr sse sse2 ht syscall nx rdtscp lm constant_tsc rep_good nopl xtopology nonstop_tsc cpuid pni pclmulqdq ssse3 cx16 pcid sse4_1 sse4_2 x2apic movbe popcnt aes xsave avx rdrand hypervisor lahf_lm abm invpcid_single pti fsgsbase avx2 invpcid
bugs		: cpu_meltdown spectre_v1 spectre_v2 spec_store_bypass
bogomips	: 7199.95
clflush size	: 64
cache_alignment	: 64
address sizes	: 39 bits physical, 48 bits virtual
power management:

processor	: 1
vendor_id	: GenuineIntel
cpu family	: 6
model		: 60
model name	: Intel(R) Core(TM) i7-4790 CPU @ 3.60GHz
stepping	: 3
cpu MHz		: 3599.978
cache size	: 8192 KB
physical id	: 0
siblings	: 3
core id		: 1
cpu cores	: 3
apicid		: 1
initial apicid	: 1
fpu		: yes
fpu_exception	: yes
cpuid level	: 13
wp		: yes
flags		: fpu vme de pse tsc msr pae mce cx8 apic sep mtrr pge mca cmov pat pse36 clflush mmx fxsr sse sse2 ht syscall nx rdtscp lm constant_tsc rep_good nopl xtopology nonstop_tsc cpuid pni pclmulqdq ssse3 cx16 pcid sse4_1 sse4_2 x2apic movbe popcnt aes xsave avx rdrand hypervisor lahf_lm abm invpcid_single pti fsgsbase avx2 invpcid
bugs		: cpu_meltdown spectre_v1 spectre_v2 spec_store_bypass
bogomips	: 7199.95
clflush size	: 64
cache_alignment	: 64
address sizes	: 39 bits physical, 48 bits virtual
power management:

processor	: 2
vendor_id	: GenuineIntel
cpu family	: 6
model		: 60
model name	: Intel(R) Core(TM) i7-4790 CPU @ 3.60GHz
stepping	: 3
cpu MHz		: 3599.978
cache size	: 8192 KB
physical id	: 0
siblings	: 3
core id		: 2
cpu cores	: 3
apicid		: 2
initial apicid	: 2
fpu		: yes
fpu_exception	: yes
cpuid level	: 13
wp		: yes
flags		: fpu vme de pse tsc msr pae mce cx8 apic sep mtrr pge mca cmov pat pse36 clflush mmx fxsr sse sse2 ht syscall nx rdtscp lm constant_tsc rep_good nopl xtopology nonstop_tsc cpuid pni pclmulqdq ssse3 cx16 pcid sse4_1 sse4_2 x2apic movbe popcnt aes xsave avx rdrand hypervisor lahf_lm abm invpcid_single pti fsgsbase avx2 invpcid
bugs		: cpu_meltdown spectre_v1 spectre_v2 spec_store_bypass
bogomips	: 7199.95
clflush size	: 64
cache_alignment	: 64
address sizes	: 39 bits physical, 48 bits virtual
power management:



Memory: 4k page, physical 4039364k(97908k free), swap 483800k(0k free)

vm_info: OpenJDK 64-Bit Server VM (25.171-b11) for linux-amd64 JRE (1.8.0_171-8u171-b11-0ubuntu0.18.04.1-b11), built on Apr 26 2018 15:59:34 by "buildd" with gcc 7.3.0

time: Sat Jul 14 09:44:58 2018
elapsed time: 6 seconds (0d 0h 0m 6s)

